{"/Users/stephenzhou/Desktop/springboard_practices/express-biztime/app.js": {"path":"/Users/stephenzhou/Desktop/springboard_practices/express-biztime/app.js","statementMap":{"0":{"start":{"line":2,"column":16},"end":{"line":2,"column":34}},"1":{"start":{"line":3,"column":12},"end":{"line":3,"column":21}},"2":{"start":{"line":4,"column":21},"end":{"line":4,"column":46}},"3":{"start":{"line":7,"column":0},"end":{"line":7,"column":24}},"4":{"start":{"line":10,"column":21},"end":{"line":10,"column":50}},"5":{"start":{"line":11,"column":22},"end":{"line":11,"column":50}},"6":{"start":{"line":14,"column":0},"end":{"line":14,"column":34}},"7":{"start":{"line":15,"column":0},"end":{"line":15,"column":34}},"8":{"start":{"line":20,"column":0},"end":{"line":23,"column":3}},"9":{"start":{"line":21,"column":14},"end":{"line":21,"column":48}},"10":{"start":{"line":22,"column":2},"end":{"line":22,"column":19}},"11":{"start":{"line":27,"column":0},"end":{"line":34,"column":3}},"12":{"start":{"line":28,"column":2},"end":{"line":28,"column":32}},"13":{"start":{"line":30,"column":2},"end":{"line":33,"column":5}},"14":{"start":{"line":37,"column":0},"end":{"line":37,"column":21}}},"fnMap":{"0":{"name":"(anonymous_0)","decl":{"start":{"line":20,"column":8},"end":{"line":20,"column":9}},"loc":{"start":{"line":20,"column":33},"end":{"line":23,"column":1}},"line":20},"1":{"name":"(anonymous_1)","decl":{"start":{"line":27,"column":8},"end":{"line":27,"column":9}},"loc":{"start":{"line":27,"column":33},"end":{"line":34,"column":1}},"line":27}},"branchMap":{"0":{"loc":{"start":{"line":28,"column":13},"end":{"line":28,"column":30}},"type":"binary-expr","locations":[{"start":{"line":28,"column":13},"end":{"line":28,"column":23}},{"start":{"line":28,"column":27},"end":{"line":28,"column":30}}],"line":28}},"s":{"0":1,"1":1,"2":1,"3":1,"4":1,"5":1,"6":1,"7":1,"8":1,"9":0,"10":0,"11":1,"12":0,"13":0,"14":1},"f":{"0":0,"1":0},"b":{"0":[0,0]},"_coverageSchema":"1a1c01bbd47fc00a2c39e90264f33305004495a9","hash":"0a2c6402bc17bbeb4b2b5af58833680056050bae"}
,"/Users/stephenzhou/Desktop/springboard_practices/express-biztime/db.js": {"path":"/Users/stephenzhou/Desktop/springboard_practices/express-biztime/db.js","statementMap":{"0":{"start":{"line":2,"column":19},"end":{"line":2,"column":32}},"1":{"start":{"line":6,"column":0},"end":{"line":10,"column":1}},"2":{"start":{"line":7,"column":4},"end":{"line":7,"column":41}},"3":{"start":{"line":9,"column":4},"end":{"line":9,"column":36}},"4":{"start":{"line":12,"column":9},"end":{"line":14,"column":2}},"5":{"start":{"line":16,"column":0},"end":{"line":16,"column":12}},"6":{"start":{"line":18,"column":0},"end":{"line":18,"column":19}}},"fnMap":{},"branchMap":{"0":{"loc":{"start":{"line":6,"column":0},"end":{"line":10,"column":1}},"type":"if","locations":[{"start":{"line":6,"column":0},"end":{"line":10,"column":1}},{"start":{"line":6,"column":0},"end":{"line":10,"column":1}}],"line":6}},"s":{"0":1,"1":1,"2":1,"3":0,"4":1,"5":1,"6":1},"f":{},"b":{"0":[1,0]},"_coverageSchema":"1a1c01bbd47fc00a2c39e90264f33305004495a9","hash":"d6a1516c9e21140b0578c7b496359fd8443ce740"}
,"/Users/stephenzhou/Desktop/springboard_practices/express-biztime/expressError.js": {"path":"/Users/stephenzhou/Desktop/springboard_practices/express-biztime/expressError.js","statementMap":{"0":{"start":{"line":9,"column":4},"end":{"line":9,"column":12}},"1":{"start":{"line":10,"column":4},"end":{"line":10,"column":27}},"2":{"start":{"line":11,"column":4},"end":{"line":11,"column":25}},"3":{"start":{"line":12,"column":4},"end":{"line":12,"column":30}},"4":{"start":{"line":17,"column":0},"end":{"line":17,"column":30}}},"fnMap":{"0":{"name":"(anonymous_0)","decl":{"start":{"line":8,"column":2},"end":{"line":8,"column":3}},"loc":{"start":{"line":8,"column":31},"end":{"line":13,"column":3}},"line":8}},"branchMap":{},"s":{"0":0,"1":0,"2":0,"3":0,"4":1},"f":{"0":0},"b":{},"_coverageSchema":"1a1c01bbd47fc00a2c39e90264f33305004495a9","hash":"a5d2a1856c3cfeff67405f071a22d2f9e7412ca6"}
,"/Users/stephenzhou/Desktop/springboard_practices/express-biztime/routes/companies.js": {"path":"/Users/stephenzhou/Desktop/springboard_practices/express-biztime/routes/companies.js","statementMap":{"0":{"start":{"line":1,"column":16},"end":{"line":1,"column":34}},"1":{"start":{"line":2,"column":11},"end":{"line":2,"column":27}},"2":{"start":{"line":3,"column":21},"end":{"line":3,"column":47}},"3":{"start":{"line":4,"column":15},"end":{"line":4,"column":31}},"4":{"start":{"line":6,"column":0},"end":{"line":13,"column":2}},"5":{"start":{"line":7,"column":4},"end":{"line":12,"column":5}},"6":{"start":{"line":8,"column":23},"end":{"line":8,"column":72}},"7":{"start":{"line":9,"column":8},"end":{"line":9,"column":53}},"8":{"start":{"line":11,"column":8},"end":{"line":11,"column":22}},"9":{"start":{"line":15,"column":0},"end":{"line":45,"column":2}},"10":{"start":{"line":16,"column":4},"end":{"line":44,"column":5}},"11":{"start":{"line":17,"column":21},"end":{"line":17,"column":36}},"12":{"start":{"line":18,"column":23},"end":{"line":27,"column":103}},"13":{"start":{"line":28,"column":8},"end":{"line":28,"column":87}},"14":{"start":{"line":28,"column":37},"end":{"line":28,"column":87}},"15":{"start":{"line":29,"column":21},"end":{"line":29,"column":35}},"16":{"start":{"line":30,"column":8},"end":{"line":41,"column":11}},"17":{"start":{"line":43,"column":8},"end":{"line":43,"column":22}},"18":{"start":{"line":48,"column":0},"end":{"line":57,"column":2}},"19":{"start":{"line":49,"column":4},"end":{"line":56,"column":5}},"20":{"start":{"line":50,"column":40},"end":{"line":50,"column":48}},"21":{"start":{"line":51,"column":8},"end":{"line":51,"column":42}},"22":{"start":{"line":52,"column":25},"end":{"line":52,"column":118}},"23":{"start":{"line":53,"column":8},"end":{"line":53,"column":63}},"24":{"start":{"line":55,"column":8},"end":{"line":55,"column":22}},"25":{"start":{"line":59,"column":0},"end":{"line":69,"column":2}},"26":{"start":{"line":60,"column":4},"end":{"line":68,"column":5}},"27":{"start":{"line":61,"column":21},"end":{"line":61,"column":36}},"28":{"start":{"line":62,"column":35},"end":{"line":62,"column":43}},"29":{"start":{"line":63,"column":25},"end":{"line":63,"column":137}},"30":{"start":{"line":64,"column":8},"end":{"line":64,"column":86}},"31":{"start":{"line":64,"column":39},"end":{"line":64,"column":86}},"32":{"start":{"line":65,"column":8},"end":{"line":65,"column":63}},"33":{"start":{"line":67,"column":8},"end":{"line":67,"column":22}},"34":{"start":{"line":72,"column":0},"end":{"line":81,"column":2}},"35":{"start":{"line":73,"column":4},"end":{"line":80,"column":5}},"36":{"start":{"line":74,"column":22},"end":{"line":74,"column":37}},"37":{"start":{"line":75,"column":25},"end":{"line":75,"column":97}},"38":{"start":{"line":76,"column":8},"end":{"line":76,"column":86}},"39":{"start":{"line":76,"column":39},"end":{"line":76,"column":86}},"40":{"start":{"line":77,"column":8},"end":{"line":77,"column":55}},"41":{"start":{"line":79,"column":8},"end":{"line":79,"column":22}},"42":{"start":{"line":85,"column":0},"end":{"line":85,"column":23}}},"fnMap":{"0":{"name":"(anonymous_0)","decl":{"start":{"line":6,"column":15},"end":{"line":6,"column":16}},"loc":{"start":{"line":6,"column":37},"end":{"line":13,"column":1}},"line":6},"1":{"name":"(anonymous_1)","decl":{"start":{"line":15,"column":20},"end":{"line":15,"column":21}},"loc":{"start":{"line":15,"column":42},"end":{"line":45,"column":1}},"line":15},"2":{"name":"(anonymous_2)","decl":{"start":{"line":48,"column":16},"end":{"line":48,"column":17}},"loc":{"start":{"line":48,"column":38},"end":{"line":57,"column":1}},"line":48},"3":{"name":"(anonymous_3)","decl":{"start":{"line":59,"column":20},"end":{"line":59,"column":21}},"loc":{"start":{"line":59,"column":42},"end":{"line":69,"column":1}},"line":59},"4":{"name":"(anonymous_4)","decl":{"start":{"line":72,"column":23},"end":{"line":72,"column":24}},"loc":{"start":{"line":72,"column":45},"end":{"line":81,"column":1}},"line":72}},"branchMap":{"0":{"loc":{"start":{"line":28,"column":8},"end":{"line":28,"column":87}},"type":"if","locations":[{"start":{"line":28,"column":8},"end":{"line":28,"column":87}},{"start":{"line":28,"column":8},"end":{"line":28,"column":87}}],"line":28},"1":{"loc":{"start":{"line":64,"column":8},"end":{"line":64,"column":86}},"type":"if","locations":[{"start":{"line":64,"column":8},"end":{"line":64,"column":86}},{"start":{"line":64,"column":8},"end":{"line":64,"column":86}}],"line":64},"2":{"loc":{"start":{"line":76,"column":8},"end":{"line":76,"column":86}},"type":"if","locations":[{"start":{"line":76,"column":8},"end":{"line":76,"column":86}},{"start":{"line":76,"column":8},"end":{"line":76,"column":86}}],"line":76}},"s":{"0":1,"1":1,"2":1,"3":1,"4":1,"5":0,"6":0,"7":0,"8":0,"9":1,"10":0,"11":0,"12":0,"13":0,"14":0,"15":0,"16":0,"17":0,"18":1,"19":0,"20":0,"21":0,"22":0,"23":0,"24":0,"25":1,"26":0,"27":0,"28":0,"29":0,"30":0,"31":0,"32":0,"33":0,"34":1,"35":0,"36":0,"37":0,"38":0,"39":0,"40":0,"41":0,"42":1},"f":{"0":0,"1":0,"2":0,"3":0,"4":0},"b":{"0":[0,0],"1":[0,0],"2":[0,0]},"_coverageSchema":"1a1c01bbd47fc00a2c39e90264f33305004495a9","hash":"30f3a7836e4c52814c715c45bdfeab0af9a58695"}
,"/Users/stephenzhou/Desktop/springboard_practices/express-biztime/routes/invoices.js": {"path":"/Users/stephenzhou/Desktop/springboard_practices/express-biztime/routes/invoices.js","statementMap":{"0":{"start":{"line":1,"column":17},"end":{"line":1,"column":35}},"1":{"start":{"line":2,"column":28},"end":{"line":2,"column":45}},"2":{"start":{"line":3,"column":11},"end":{"line":3,"column":27}},"3":{"start":{"line":4,"column":21},"end":{"line":4,"column":47}},"4":{"start":{"line":6,"column":15},"end":{"line":6,"column":31}},"5":{"start":{"line":10,"column":0},"end":{"line":17,"column":2}},"6":{"start":{"line":11,"column":4},"end":{"line":16,"column":5}},"7":{"start":{"line":12,"column":25},"end":{"line":12,"column":65}},"8":{"start":{"line":13,"column":8},"end":{"line":13,"column":61}},"9":{"start":{"line":15,"column":8},"end":{"line":15,"column":22}},"10":{"start":{"line":19,"column":0},"end":{"line":48,"column":2}},"11":{"start":{"line":20,"column":4},"end":{"line":47,"column":5}},"12":{"start":{"line":21,"column":19},"end":{"line":21,"column":32}},"13":{"start":{"line":22,"column":25},"end":{"line":31,"column":80}},"14":{"start":{"line":32,"column":8},"end":{"line":32,"column":87}},"15":{"start":{"line":32,"column":40},"end":{"line":32,"column":87}},"16":{"start":{"line":33,"column":21},"end":{"line":33,"column":37}},"17":{"start":{"line":34,"column":8},"end":{"line":44,"column":11}},"18":{"start":{"line":46,"column":8},"end":{"line":46,"column":22}},"19":{"start":{"line":50,"column":0},"end":{"line":63,"column":2}},"20":{"start":{"line":51,"column":4},"end":{"line":62,"column":5}},"21":{"start":{"line":52,"column":50},"end":{"line":52,"column":58}},"22":{"start":{"line":53,"column":8},"end":{"line":53,"column":49}},"23":{"start":{"line":54,"column":25},"end":{"line":58,"column":69}},"24":{"start":{"line":59,"column":8},"end":{"line":59,"column":63}},"25":{"start":{"line":61,"column":8},"end":{"line":61,"column":22}},"26":{"start":{"line":66,"column":0},"end":{"line":76,"column":2}},"27":{"start":{"line":67,"column":4},"end":{"line":75,"column":5}},"28":{"start":{"line":68,"column":19},"end":{"line":68,"column":32}},"29":{"start":{"line":69,"column":22},"end":{"line":69,"column":30}},"30":{"start":{"line":70,"column":25},"end":{"line":70,"column":102}},"31":{"start":{"line":71,"column":8},"end":{"line":71,"column":87}},"32":{"start":{"line":71,"column":40},"end":{"line":71,"column":87}},"33":{"start":{"line":72,"column":8},"end":{"line":72,"column":63}},"34":{"start":{"line":74,"column":8},"end":{"line":74,"column":22}},"35":{"start":{"line":79,"column":0},"end":{"line":89,"column":2}},"36":{"start":{"line":80,"column":4},"end":{"line":88,"column":5}},"37":{"start":{"line":81,"column":19},"end":{"line":81,"column":32}},"38":{"start":{"line":82,"column":25},"end":{"line":82,"column":92}},"39":{"start":{"line":83,"column":8},"end":{"line":83,"column":29}},"40":{"start":{"line":84,"column":8},"end":{"line":84,"column":87}},"41":{"start":{"line":84,"column":40},"end":{"line":84,"column":87}},"42":{"start":{"line":85,"column":8},"end":{"line":85,"column":55}},"43":{"start":{"line":87,"column":8},"end":{"line":87,"column":22}},"44":{"start":{"line":92,"column":0},"end":{"line":92,"column":23}}},"fnMap":{"0":{"name":"(anonymous_0)","decl":{"start":{"line":10,"column":15},"end":{"line":10,"column":16}},"loc":{"start":{"line":10,"column":37},"end":{"line":17,"column":1}},"line":10},"1":{"name":"(anonymous_1)","decl":{"start":{"line":19,"column":18},"end":{"line":19,"column":19}},"loc":{"start":{"line":19,"column":39},"end":{"line":48,"column":1}},"line":19},"2":{"name":"(anonymous_2)","decl":{"start":{"line":50,"column":16},"end":{"line":50,"column":17}},"loc":{"start":{"line":50,"column":38},"end":{"line":63,"column":1}},"line":50},"3":{"name":"(anonymous_3)","decl":{"start":{"line":66,"column":18},"end":{"line":66,"column":19}},"loc":{"start":{"line":66,"column":40},"end":{"line":76,"column":1}},"line":66},"4":{"name":"(anonymous_4)","decl":{"start":{"line":79,"column":21},"end":{"line":79,"column":22}},"loc":{"start":{"line":79,"column":43},"end":{"line":89,"column":1}},"line":79}},"branchMap":{"0":{"loc":{"start":{"line":32,"column":8},"end":{"line":32,"column":87}},"type":"if","locations":[{"start":{"line":32,"column":8},"end":{"line":32,"column":87}},{"start":{"line":32,"column":8},"end":{"line":32,"column":87}}],"line":32},"1":{"loc":{"start":{"line":71,"column":8},"end":{"line":71,"column":87}},"type":"if","locations":[{"start":{"line":71,"column":8},"end":{"line":71,"column":87}},{"start":{"line":71,"column":8},"end":{"line":71,"column":87}}],"line":71},"2":{"loc":{"start":{"line":84,"column":8},"end":{"line":84,"column":87}},"type":"if","locations":[{"start":{"line":84,"column":8},"end":{"line":84,"column":87}},{"start":{"line":84,"column":8},"end":{"line":84,"column":87}}],"line":84}},"s":{"0":1,"1":1,"2":1,"3":1,"4":1,"5":1,"6":0,"7":0,"8":0,"9":0,"10":1,"11":0,"12":0,"13":0,"14":0,"15":0,"16":0,"17":0,"18":0,"19":1,"20":0,"21":0,"22":0,"23":0,"24":0,"25":0,"26":1,"27":0,"28":0,"29":0,"30":0,"31":0,"32":0,"33":0,"34":0,"35":1,"36":0,"37":0,"38":0,"39":0,"40":0,"41":0,"42":0,"43":0,"44":1},"f":{"0":0,"1":0,"2":0,"3":0,"4":0},"b":{"0":[0,0],"1":[0,0],"2":[0,0]},"_coverageSchema":"1a1c01bbd47fc00a2c39e90264f33305004495a9","hash":"20989569f65bdea2f0e37897ed1a159565e5a6b2"}
}
